<?xml version="1.0" encoding="UTF-8"?>
<TestRun id="9ed5b61a-c948-4f34-bfcf-64785d5f829c" name="HP@HP-PC 2017-06-19 23:21:16" runUser="HP-PC\HP" xmlns="http://microsoft.com/schemas/VisualStudio/TeamTest/2010">
  <TestSettings name="Local" id="b05a3c0c-8e63-4e7b-b900-4d84dc28b507">
    <Description>These are default test settings for a local test run.</Description>
    <Deployment enabled="false" runDeploymentRoot="HP_HP-PC 2017-06-19 23_21_16">
      <DeploymentItem filename="C:\Users\HP\Documents\Visual Studio 2010\Projects\NumericSequenceWorldNomads\packages\Selenium.WebDriver.3.4.0\lib\net40\WebDriver.dll" />
      <DeploymentItem filename="C:\Program Files\Microsoft ASP.NET\ASP.NET MVC 4\Assemblies\System.Web.Mvc.dll" />
      <DeploymentItem filename="C:\Users\HP\Documents\Visual Studio 2010\Projects\NumericSequenceWorldNomads\NumericSequenceWorldNomads\bin\NumericSequenceWorldNomads.dll" />
    </Deployment>
    <Execution>
      <TestTypeSpecific />
      <AgentRule name="Execution Agents">
      </AgentRule>
    </Execution>
  </TestSettings>
  <Times creation="2017-06-19T23:21:16.4038454+10:00" queuing="2017-06-19T23:21:18.8888454+10:00" start="2017-06-19T23:21:19.1008454+10:00" finish="2017-06-19T23:22:26.3768454+10:00" />
  <ResultSummary outcome="Failed">
    <Counters total="1" executed="1" error="0" failed="1" timeout="0" aborted="0" inconclusive="0" passedButRunAborted="0" notRunnable="0" notExecuted="0" disconnected="0" warning="0" passed="0" completed="0" inProgress="0" pending="0" />
  </ResultSummary>
  <TestDefinitions>
    <UnitTest name="EndtoEndTest" storage="c:\users\hp\documents\visual studio 2010\projects\numericsequenceworldnomads\numericsequenceworldnomadstest\bin\release\numericsequenceworldnomadstest.dll" id="6f0ad37f-5bcb-2d5a-01b1-4c243bfb319c">
      <Execution id="edb54b1f-821a-4364-a43f-c98ab9d36b77" />
      <TestMethod codeBase="C:/Users/HP/Documents/Visual Studio 2010/Projects/NumericSequenceWorldNomads/NumericSequenceWorldNomadsTest/bin/Release/NumericSequenceWorldNomadsTest.DLL" adapterTypeName="Microsoft.VisualStudio.TestTools.TestTypes.Unit.UnitTestAdapter, Microsoft.VisualStudio.QualityTools.Tips.UnitTest.Adapter, Version=10.0.0.0, Culture=neutral, PublicKeyToken=b03f5f7f11d50a3a" className="NumericSequenceWorldNomadsTest.UITests.UITests, NumericSequenceWorldNomadsTest, Version=1.0.0.0, Culture=neutral, PublicKeyToken=null" name="EndtoEndTest" />
    </UnitTest>
  </TestDefinitions>
  <TestLists>
    <TestList name="Results Not in a List" id="8c84fa94-04c1-424b-9868-57a2d4851a1d" />
    <TestList name="All Loaded Results" id="19431567-8539-422a-85d7-44ee4e166bda" />
  </TestLists>
  <TestEntries>
    <TestEntry testId="6f0ad37f-5bcb-2d5a-01b1-4c243bfb319c" executionId="edb54b1f-821a-4364-a43f-c98ab9d36b77" testListId="8c84fa94-04c1-424b-9868-57a2d4851a1d" />
  </TestEntries>
  <Results>
    <UnitTestResult executionId="edb54b1f-821a-4364-a43f-c98ab9d36b77" testId="6f0ad37f-5bcb-2d5a-01b1-4c243bfb319c" testName="EndtoEndTest" computerName="HP-PC" duration="00:01:04.3892842" startTime="2017-06-19T23:21:19.2898454+10:00" endTime="2017-06-19T23:22:24.9378454+10:00" testType="13cdc9d9-ddb5-4fa4-a97d-d965ccfc6d4b" outcome="Failed" testListId="8c84fa94-04c1-424b-9868-57a2d4851a1d" relativeResultsDirectory="edb54b1f-821a-4364-a43f-c98ab9d36b77">
      <Output>
        <ErrorInfo>
          <Message>Assert.AreEqual failed. Expected:&lt;1,2,C,4,E,C&gt;. Actual:&lt;Output : 1,2,C,4,E,C&gt;. </Message>
          <StackTrace>   at NumericSequenceWorldNomadsTest.UITests.UITests.EndtoEndTest() in C:\Users\HP\Documents\Visual Studio 2010\Projects\NumericSequenceWorldNomads\NumericSequenceWorldNomadsTest\UITests\UITests.cs:line 45
</StackTrace>
        </ErrorInfo>
      </Output>
    </UnitTestResult>
  </Results>
</TestRun>